c:\users\josh\documents\visual studio 2015\opencv_template\opencv_template_01_origional - copy\x64\debug\vc140.pdb
c:\users\josh\documents\visual studio 2015\opencv_template\opencv_template_01_origional - copy\x64\debug\vc140.idb
c:\users\josh\documents\visual studio 2015\opencv_template\opencv_template_01_origional - copy\x64\debug\cannystill_1.obj
c:\users\josh\documents\visual studio 2015\opencv_template\opencv_template_01_origional - copy\x64\debug\featuredetection.obj
c:\users\josh\documents\visual studio 2015\rsd\opencv_template\opencv_template_01_origional - copy\x64\debug\vc140.pdb
c:\users\josh\documents\visual studio 2015\rsd\opencv_template\opencv_template_01_origional - copy\x64\debug\vc140.idb
c:\users\josh\documents\visual studio 2015\rsd\opencv_template\opencv_template_01_origional - copy\x64\debug\cannystill_1.obj
c:\users\josh\documents\visual studio 2015\rsd\opencv_template\opencv_template_01_origional - copy\x64\debug\featuredetection.obj
c:\users\josh\documents\visual studio 2015\opencv_template\opencv_template_01_origional - copy\x64\debug\opencv_template_01.ilk
c:\users\josh\documents\visual studio 2015\opencv_template\opencv_template_01_origional - copy\x64\debug\opencv_template_01.exe
c:\users\josh\documents\visual studio 2015\opencv_template\opencv_template_01_origional - copy\x64\debug\opencv_template_01.pdb
c:\users\josh\documents\visual studio 2015\rsd\opencv_template\opencv_template_01_origional - copy\x64\debug\opencv_template_01.ilk
c:\users\josh\documents\visual studio 2015\rsd\opencv_template\opencv_template_01_origional - copy\x64\debug\opencv_template_01.exe
c:\users\josh\documents\visual studio 2015\rsd\opencv_template\opencv_template_01_origional - copy\x64\debug\opencv_template_01.pdb
c:\users\josh\documents\visual studio 2015\rsd\opencv_template\opencv_template_01_blobs\x64\debug\cannystill_1.obj
c:\users\josh\documents\visual studio 2015\rsd\opencv_template\opencv_template_01_blobs\x64\debug\featuredetection.obj
c:\users\josh\documents\visual studio 2015\rsd\opencv_template\opencv_template_01_blobs\x64\debug\opencv_template_01.ilk
c:\users\josh\documents\visual studio 2015\rsd\opencv_template\opencv_template_01_blobs\x64\debug\vc140.idb
c:\users\josh\documents\visual studio 2015\rsd\opencv_template\opencv_template_01_blobs\x64\debug\opencv_template_01.pdb
c:\users\josh\documents\visual studio 2015\rsd\opencv_template\opencv_template_01_blobs\x64\debug\vc140.pdb
c:\users\josh\documents\visual studio 2015\rsd\opencv_template\opencv_template_01_blobs\x64\debug\opencv_template_01.exe
c:\users\josh\documents\visual studio 2015\rsd\opencv_template\opencv_template_01_blobs\x64\debug\opencv_t.5d737a21.tlog\cl.command.1.tlog
c:\users\josh\documents\visual studio 2015\rsd\opencv_template\opencv_template_01_blobs\x64\debug\opencv_t.5d737a21.tlog\cl.read.1.tlog
c:\users\josh\documents\visual studio 2015\rsd\opencv_template\opencv_template_01_blobs\x64\debug\opencv_t.5d737a21.tlog\cl.write.1.tlog
c:\users\josh\documents\visual studio 2015\rsd\opencv_template\opencv_template_01_blobs\x64\debug\opencv_t.5d737a21.tlog\link.command.1.tlog
c:\users\josh\documents\visual studio 2015\rsd\opencv_template\opencv_template_01_blobs\x64\debug\opencv_t.5d737a21.tlog\link.read.1.tlog
c:\users\josh\documents\visual studio 2015\rsd\opencv_template\opencv_template_01_blobs\x64\debug\opencv_t.5d737a21.tlog\link.write.1.tlog
